<?xml version="1.0" encoding="utf-8"?><testsuites><testsuite name="pytest" errors="0" failures="0" skipped="0" tests="1" time="9.244" timestamp="2020-10-13T21:05:53.043058" hostname="Inspiron"><testcase classname="stock.tests.TestBatch" name="test_total_sale" time="8.756" /></testsuite></testsuites>